    4 HIS 0.68698663191518616333 1.00000000000000000000 S 0 0.50 CCACB     
    5 THR 0.67403441260145702252 1.00000000000000000000 S 0 0.83 CCACBHN   
    6 ASP 0.66137948316328598608 1.00000000000000000000 . 0 0.83 CACBHHAN  
    7 PRO 0.61771772249992973336 1.00000000000000000000 . 0 0.80 CCACBHA   
    8 ALA 0.57248590205654814600 1.00000000000000000000 . 0 1.00 CCACBHHAN 
    9 THR 0.42871841105802910299 1.00000000000000000000 . 0 1.00 CCACBHHAN 
   10 ALA 0.27965120621978484250 1.00000000000000000000 . 0 1.00 CCACBHHAN 
   11 LEU 0.13007700496481916508 1.00000000000000000000 . 0 1.00 CCACBHHAN 
   12 ASN 0.07957758538072107202 1.00000000000000000000 . 0 1.00 CCACBHHAN 
   13 THR 0.04601193649076754100 1.00000000000000000000 . 0 1.00 CCACBHHAN 
   14 VAL 0.03492950929398760951 1.00000000000000000000 . 0 1.00 CCACBHHAN 
   15 THR 0.03343771933068826613 0.73494610492791034861 . 0 1.00 CCACBHHAN 
   16 ALA 0.03238498557226842517 0.46989220985582064172 E 0 1.00 CCACBHHAN 
   17 TYR 0.04571569641325872596 0.46989220985582064172 E 0 1.00 CCACBHHAN 
   18 GLY 0.08770159228387014450 0.54890200892751295214 . 0 1.00 CCAHHAN   
   19 ASP 0.09426340156476885335 0.62791180799920531808 S 0 1.00 CCACBHHAN 
   20 GLY 0.07389152108648465445 0.62791180799920531808 S 0 1.00 CCAHHAN   
   21 TYR 0.00742459171102161693 0.62791180799920531808 S 0 1.00 CCACBHHAN 
   22 ILE 0.00000000000000000000 0.54890200892751295214 E 0 1.00 CCACBHHAN 
   23 GLU 0.00000000000000000000 0.46989220985582064172 E 0 1.00 CCACBHHAN 
   24 VAL 0.00000000000000000000 0.46989220985582064172 E 0 1.00 CCACBHHAN 
   25 ASN 0.00000000000000000000 0.46989220985582064172 T 0 1.00 CCACBHHAN 
   26 GLN 0.04274511540115915470 0.46989220985582064172 T 0 0.83 CCACBHHA  
   27 VAL 0.12372875669306586388 0.46989220985582064172 E 0 1.00 CCACBHHAN 
   28 ARG 0.14478106410696281459 0.46989220985582064172 E 0 1.00 CCACBHHAN 
   29 PHE 0.11629870108976246568 0.46989220985582064172 E 0 1.00 CCACBHHAN 
   30 SER 0.03184770089939870097 0.54890200892751295214 S 0 1.00 CCACBHHAN 
   31 HIS 0.00000000000000000000 0.62791180799920531808 S 0 1.00 CCACBHHAN 
   32 ALA 0.00000000000000000000 0.62791180799920531808 E 0 1.00 CCACBHHAN 
   33 ILE 0.00000000000000000000 0.31610830569581860328 E 0 1.00 CCACBHHAN 
   34 ALA 0.00000000000000000000 0.00430480339243192230 E 0 1.00 CCACBHHAN 
   35 PHE 0.00000000000000000000 0.00430480339243192230 E 0 1.00 CCACBHHAN 
   36 ALA 0.00000000000000000000 0.03734184210704216689 . 0 0.83 CACBHHAN  
   37 PRO 0.00000000000000000000 0.53518944041082616714 S 0 0.80 CCACBHA   
   38 GLU 0.00109611731876505252 1.00000000000000000000 S 0 1.00 CCACBHHAN 
   39 GLY 0.09059301817664922041 1.00000000000000000000 S 0 0.80 CAHHAN    
   40 PRO 0.13372782022616286346 1.00000000000000000000 . 0 0.80 CCACBHA   
   41 VAL 0.17251225092903066383 0.63454195466385332480 E 0 1.00 CCACBHHAN 
   42 ALA 0.08427347592441847279 0.26908390932770670512 E 0 1.00 CCACBHHAN 
   43 SER 0.04057919966519919069 0.26908390932770670512 E 0 0.83 CACBHHAN  
   44 TRP 0.00000000000000000000 0.52256099034689329486 E 0 0.50 CACBHA    
   45 PRO 0.01246480073836358365 0.77603807136607994011 . 0 0.80 CCACBHA   
   46 VAL 0.03385561198406479566 0.77603807136607994011 . 0 1.00 CCACBHHAN 
   47 GLN 0.04506559172499060434 0.77603807136607994011 . 0 1.00 CCACBHHAN 
   48 ARG 0.04727907865577575530 0.77603807136607994011 . 0 0.83 CACBHHAN  
   49 PRO 0.04364039691924866127 0.45117516570366256179 T 0 0.80 CCACBHA   
   50 ALA 0.04360847237667499904 0.12631226004124512796 T 0 1.00 CCACBHHAN 
   51 ASP 0.01924190860700132621 0.45117516570366256179 . 0 1.00 CCACBHHAN 
   52 ILE 0.00000000000000000000 0.65404594316192055103 . 0 1.00 CCACBHHAN 
   53 THR 0.00000000000000000000 0.53205381495776105094 . 0 1.00 CCACBHHAN 
   54 ALA 0.00000000000000000000 0.28754409151261123290 H 0 1.00 CCACBHHAN 
   55 SER 0.00000000000000000000 0.04303436806746146343 H 0 1.00 CCACBHHAN 
   56 LEU 0.00000000000000000000 0.04303436806746146343 H 0 1.00 CCACBHHAN 
   57 LEU 0.00000000000000000000 0.04303436806746146343 H 0 1.00 CCACBHHAN 
   58 GLN 0.00000000000000000000 0.04303436806746146343 H 0 1.00 CCACBHHAN 
   59 GLN 0.00000000000000000000 0.04303436806746146343 H 0 1.00 CCACBHHAN 
   60 ALA 0.00056926666050243044 0.07325286366213695777 H 0 1.00 CCACBHHAN 
   61 ALA 0.03234182402993360239 0.15221493134269353797 T 0 1.00 CCACBHHAN 
   62 GLY 0.10086253954649988807 0.20095850342857465853 T 0 1.00 CCAHHAN   
   63 LEU 0.19655671989959419554 0.26298105011927480623 T 0 1.00 CCACBHHAN 
   64 ALA 0.35249800298048272751 0.32500359680997498169 T 0 1.00 CCACBHHAN 
   65 GLU 0.57479711418060053241 0.66242323673805070250 S 0 0.83 CCACBHN   
   66 VAL 0.66111585133807160286 0.99992143833306323941 . 0 1.00 CCACBHHAN 
   67 VAL 0.71450448100226160442 0.99580448414730260431 . 0 0.83 CCACBHN   
   68 ARG 0.57394458147912252866 0.99160896829460531965 . 0 1.00 CCACBHHAN 
   69 ASP 0.49307987021668364669 0.94405858513515927832 . 0 0.83 CACBHHAN  
   70 PRO 0.36245080722128830697 0.88300133095201704947 . 0 0.80 CCACBHA   
   71 LEU 0.36495924972235049832 0.86949445992832086194 S 0 1.00 CCACBHHAN 
   72 ALA 0.44494310391148106376 0.93474722996416037546 S 0 1.00 CCACBHHAN 
   73 PHE 0.52256843445330147802 0.98095017176764021105 T 0 1.00 CCACBHHAN 
   74 LEU 0.55833444917082841741 0.96190034353528042210 T 0 0.67 CACBHN    
   75 ASP nan                    0.98095017176764021105 S 0 nan  nan       
   76 GLU nan                    1.00000000000000000000 . 0 nan  nan       
   77 PRO nan                    0.54835324584790301472 T 0 nan  nan       
   78 GLU 0.39452990035278773240 0.09670649169580601556 T 0 0.50 CCACB     
   79 ALA 0.49232537114562591185 0.11097784288917922346 T 0 0.83 CCACBHN   
   80 GLY 0.47481228427561100736 0.48986809106848855366 . 0 0.80 CCAHN     
   81 ALA 0.47295545082743528642 0.92724349402721228941 . 0 1.00 CCACBHHAN 
   82 GLY 0.36645014801974445939 1.00000000000000000000 S 0 1.00 CCAHHAN   
   83 ALA 0.44307909485057789256 1.00000000000000000000 S 0 1.00 CCACBHHAN 
   84 ARG 0.42120474717272909926 1.00000000000000000000 S 0 0.83 CACBHHAN  
   85 PRO 0.41033404270703111028 0.51111084766234560206 . 0 0.80 CCACBHA   
   86 ALA 0.34649657439781511581 0.03306894935853062212 . 0 1.00 CCACBHHAN 
   87 ASN 0.31339920953098265866 0.47697603550904621450 . 0 1.00 CCACBHHAN 
   88 ALA 0.24406400833371919012 0.78508212012385858447 . 0 0.83 CACBHHAN  
   89 PRO 0.12428713008587513600 0.36525362672182365431 . 0 0.80 CCACBHA   
   90 GLU 0.02730577374113397557 0.07037888082165241754 S 0 1.00 CCACBHHAN 
   91 VAL 0.00000000000000000000 0.03734184210704216689 E 0 1.00 CCACBHHAN 
   92 LEU 0.00000000000000000000 0.00430480339243192230 E 0 1.00 CCACBHHAN 
   93 LEU 0.00000000000000000000 0.00430480339243192230 E 0 1.00 CCACBHHAN 
   94 VAL 0.00000000000000000000 0.00430480339243192230 E 0 1.00 CCACBHHAN 
   95 GLY 0.05395881658837186484 0.00430480339243192230 E 0 1.00 CCAHHAN   
   96 THR 0.08542862787904223487 0.33121384632995559683 . 0 1.00 CCACBHHAN 
   97 GLY 0.07958086709824761795 0.80597997905961238363 S 0 1.00 CCAHHAN   
   98 ARG 0.03865406935684358170 0.95383706885174546208 S 0 1.00 CCACBHHAN 
   99 ARG 0.01412754258935444707 0.97691853442587273104 . 0 1.00 CCACBHHAN 
  100 GLN 0.03607819396612578500 1.00000000000000000000 . 0 1.00 CCACBHHAN 
  101 HIS 0.06783860565338538373 1.00000000000000000000 . 0 1.00 CCACBHHAN 
  102 LEU 0.12583166921111527126 1.00000000000000000000 . 0 1.00 CCACBHHAN 
  103 LEU 0.12771506328856827017 1.00000000000000000000 . 0 1.00 CCACBHHAN 
  104 GLY 0.10563120370335708775 1.00000000000000000000 . 0 0.80 CAHHAN    
  105 PRO 0.05030971750631473699 0.50844930258041853843 H 0 0.80 CCACBHA   
  106 GLU 0.02018580769748395953 0.01689860516083700401 H 0 1.00 CCACBHHAN 
  107 GLN 0.00000000000000000000 0.01689860516083700401 H 0 1.00 CCACBHHAN 
  108 VAL 0.00000000000000000000 0.01689860516083700401 H 0 1.00 CCACBHHAN 
  109 ARG 0.00000000000000000000 0.00897938515176283959 H 0 0.83 CACBHHAN  
  110 PRO 0.00000000000000000000 0.00106016514268867561 H 0 0.80 CCACBHA   
  111 LEU 0.00000000000000000000 0.00106016514268867561 H 0 1.00 CCACBHHAN 
  112 LEU 0.00000000000000000000 0.00106016514268867561 H 0 1.00 CCACBHHAN 
  113 ALA 0.03192715052910984064 0.00106016514268867561 H 0 1.00 CCACBHHAN 
  114 MET 0.06365842397742553505 0.00106016514268867561 H 0 1.00 CCACBHHAN 
  115 GLY 0.10478571231468405967 0.00106016514268867561 T 0 1.00 CCAHHAN   
  116 VAL 0.08309373647827994480 0.50053008257134434800 . 0 1.00 CCACBHHAN 
  117 GLY 0.06018196158369632648 0.50751912068980631343 E 0 1.00 CCAHHAN   
  118 VAL 0.00968422292895169262 0.00967152238602222991 E 0 1.00 CCACBHHAN 
  119 GLU 0.00000000000000000000 0.00430480339243192230 E 0 1.00 CCACBHHAN 
  120 ALA 0.00000000000000000000 0.00430480339243192230 E 0 1.00 CCACBHHAN 
  121 MET 0.00000000000000000000 0.00430480339243192230 E 0 1.00 CCACBHHAN 
  122 ASP 0.00000000000000000000 0.00430480339243192230 . 0 1.00 CCACBHHAN 
  123 THR 0.00000000000000000000 0.00430480339243192230 H 0 1.00 CCACBHHAN 
  124 GLN 0.00000000000000000000 0.00430480339243192230 H 0 1.00 CCACBHHAN 
  125 ALA 0.00000000000000000000 0.00430480339243192230 H 0 1.00 CCACBHHAN 
  126 ALA 0.00000000000000000000 0.00430480339243192230 H 0 1.00 CCACBHHAN 
  127 ALA 0.00000000000000000000 0.00430480339243192230 H 0 1.00 CCACBHHAN 
  128 ARG 0.00000000000000000000 0.00430480339243192230 H 0 1.00 CCACBHHAN 
  129 THR 0.00000000000000000000 0.00430480339243192230 H 0 1.00 CCACBHHAN 
  130 TYR 0.00000000000000000000 0.00430480339243192230 H 0 1.00 CCACBHHAN 
  131 ASN 0.00000000000000000000 0.00430480339243192230 H 0 1.00 CCACBHHAN 
  132 ILE 0.00000000000000000000 0.00430480339243192230 H 0 1.00 CCACBHHAN 
  133 LEU 0.00000000000000000000 0.00430480339243192230 H 0 1.00 CCACBHHAN 
  134 MET 0.00000000000000000000 0.01372326888413592273 H 0 1.00 CCACBHHAN 
  135 ALA 0.02354841680837057791 0.04676030759874617165 H 0 1.00 CCACBHHAN 
  136 GLU 0.08219949723347855230 0.07037888082165241754 H 0 1.00 CCACBHHAN 
  137 GLY 0.12282489334617673060 0.07037888082165241754 T 0 1.00 CCAHHAN   
  138 ARG 0.08128337559223645925 0.07037888082165241754 . 0 1.00 CCACBHHAN 
  139 ARG 0.02433471985112631297 0.07037888082165241754 . 0 1.00 CCACBHHAN 
  140 VAL 0.00000000000000000000 0.03734184210704216689 E 0 1.00 CCACBHHAN 
  141 VAL 0.00000000000000000000 0.00430480339243192230 E 0 1.00 CCACBHHAN 
  142 VAL 0.00000000000000000000 0.00430480339243192230 E 0 1.00 CCACBHHAN 
  143 ALA 0.00000000000000000000 0.00430480339243192230 E 0 1.00 CCACBHHAN 
  144 LEU 0.00000000000000000000 0.00430480339243192230 E 0 0.83 CACBHHAN  
  145 LEU 0.10254533046791537709 0.00430480339243192230 . 0 0.50 CACBHA    
  146 PRO 0.30319293830247429078 0.00430480339243192230 . 0 0.80 CCACBHA   
  147 ASP 0.50986735589708587213 0.31610830569581860328 S 0 1.00 CCACBHHAN 
  148 GLY 0.68209958374867973863 0.81070161411639962701 . 0 1.00 CCAHHAN   
  149 ASP 0.75085148433612192154 0.99349142023359404696 . 0 1.00 CCACBHHAN 
  150 SER 0.76002719925509265586 0.99617807228789800877 T 0 1.00 CCACBHHAN 
  151 LEU 0.73918468919181834487 0.99886472434220197059 T 0 0.67 CACBHN    
  152 GLU nan                    0.99886472434220197059 S 0 nan  nan       
  153 HIS nan                    0.99886472434220197059 . 0 nan  nan       
  154 HIS nan                    0.99473927243913140561 S 0 nan  nan       
  155 HIS nan                    0.99061382053606084064 S 0 nan  nan       
  156 HIS nan                    0.99061382053606084064 S 0 nan  nan       
  157 HIS nan                    0.99061382053606084064 . 0 nan  nan       
  158 HIS nan                    0.99061382053606084064 . 0 nan  nan       
