    4 HIS 0.68698663191518616333 0.94651312463618109128 T 0 0.50 CCACB     
    5 THR 0.67403441260145702252 0.94651312463618109128 . 0 0.83 CCACBHN   
    6 ASP 0.66137948316328598608 0.97325656231809054564 . 0 0.83 CACBHHAN  
    7 PRO 0.61771772249992973336 1.00000000000000000000 S 0 0.80 CCACBHA   
    8 ALA 0.57248590205654814600 1.00000000000000000000 S 0 1.00 CCACBHHAN 
    9 THR 0.42871841105802910299 1.00000000000000000000 . 0 1.00 CCACBHHAN 
   10 ALA 0.27965120621978484250 0.99167658520115042897 . 0 1.00 CCACBHHAN 
   11 LEU 0.13007700496481916508 0.98335317040230074692 . 0 1.00 CCACBHHAN 
   12 ASN 0.07957758538072107202 0.98335317040230074692 . 0 1.00 CCACBHHAN 
   13 THR 0.04601193649076754100 0.96357514551491652011 . 0 1.00 CCACBHHAN 
   14 VAL 0.03492950929398760951 0.94379712062753229329 . 0 1.00 CCACBHHAN 
   15 THR 0.03343771933068826613 0.94379712062753229329 S 0 1.00 CCACBHHAN 
   16 ALA 0.03238498557226842517 0.94379712062753229329 E 0 1.00 CCACBHHAN 
   17 TYR 0.04571569641325872596 0.94379712062753229329 E 0 1.00 CCACBHHAN 
   18 GLY 0.08770159228387014450 0.96736373535449815542 . 0 1.00 CCAHHAN   
   19 ASP 0.09426340156476885335 0.99093035008146401754 S 0 1.00 CCACBHHAN 
   20 GLY 0.07389152108648465445 0.99093035008146401754 S 0 1.00 CCAHHAN   
   21 TYR 0.00742459171102161693 0.96736373535449815542 . 0 1.00 CCACBHHAN 
   22 ILE 0.00000000000000000000 0.92928390115203196586 E 0 1.00 CCACBHHAN 
   23 GLU 0.00000000000000000000 0.91477068167653152742 E 0 1.00 CCACBHHAN 
   24 VAL 0.00000000000000000000 0.91477068167653152742 E 0 1.00 CCACBHHAN 
   25 ASN 0.00000000000000000000 0.91477068167653152742 T 0 1.00 CCACBHHAN 
   26 GLN 0.04274511540115915470 0.91477068167653152742 T 0 0.83 CCACBHHA  
   27 VAL 0.12372875669306586388 0.91477068167653152742 E 0 1.00 CCACBHHAN 
   28 ARG 0.14478106410696281459 0.91477068167653152742 E 0 1.00 CCACBHHAN 
   29 PHE 0.11629870108976246568 0.91477068167653152742 E 0 1.00 CCACBHHAN 
   30 SER 0.03184770089939870097 0.91477068167653152742 S 0 1.00 CCACBHHAN 
   31 HIS 0.00000000000000000000 0.91477068167653152742 S 0 1.00 CCACBHHAN 
   32 ALA 0.00000000000000000000 0.46594967823498317783 E 0 1.00 CCACBHHAN 
   33 ILE 0.00000000000000000000 0.00880262859754848102 E 0 1.00 CCACBHHAN 
   34 ALA 0.00000000000000000000 0.00047658240166216221 E 0 1.00 CCACBHHAN 
   35 PHE 0.00000000000000000000 0.00047658240166216221 E 0 1.00 CCACBHHAN 
   36 ALA 0.00000000000000000000 0.11942335140078874645 . 0 0.83 CACBHHAN  
   37 PRO 0.00000000000000000000 0.23837012039991534174 T 0 0.80 CCACBHA   
   38 GLU 0.00109611731876505252 0.23837012039991534174 T 0 1.00 CCACBHHAN 
   39 GLY 0.09059301817664922041 0.23837012039991534174 S 0 0.80 CAHHAN    
   40 PRO 0.13372782022616286346 0.23837012039991534174 . 0 0.80 CCACBHA   
   41 VAL 0.17251225092903066383 0.23837012039991534174 E 0 1.00 CCACBHHAN 
   42 ALA 0.08427347592441847279 0.12774939759667508499 E 0 1.00 CCACBHHAN 
   43 SER 0.04057919966519919069 0.01712867479343480048 E 0 0.83 CACBHHAN  
   44 TRP 0.00000000000000000000 0.01712867479343480048 E 0 0.50 CACBHA    
   45 PRO 0.01246480073836358365 0.01712867479343480048 . 0 0.80 CCACBHA   
   46 VAL 0.03385561198406479566 0.01712867479343480048 . 0 1.00 CCACBHHAN 
   47 GLN 0.04506559172499060434 0.39020858707438232926 S 0 1.00 CCACBHHAN 
   48 ARG 0.04727907865577575530 0.76328849935532983029 S 0 0.83 CACBHHAN  
   49 PRO 0.04364039691924866127 0.39800710551949913807 T 0 0.80 CCACBHA   
   50 ALA 0.04360847237667499904 0.03272571168366843197 T 0 1.00 CCACBHHAN 
   51 ASP 0.01924190860700132621 0.39800710551949913807 S 0 1.00 CCACBHHAN 
   52 ILE 0.00000000000000000000 0.76328849935532983029 . 0 1.00 CCACBHHAN 
   53 THR 0.00000000000000000000 0.41891534944004299446 . 0 1.00 CCACBHHAN 
   54 ALA 0.00000000000000000000 0.05047270476458656785 H 0 1.00 CCACBHHAN 
   55 SER 0.00000000000000000000 0.02640321000441697361 H 0 1.00 CCACBHHAN 
   56 LEU 0.00000000000000000000 0.02640321000441697361 H 0 1.00 CCACBHHAN 
   57 LEU 0.00000000000000000000 0.02640321000441697361 H 0 1.00 CCACBHHAN 
   58 GLN 0.00000000000000000000 0.02640321000441697361 H 0 1.00 CCACBHHAN 
   59 GLN 0.00000000000000000000 0.02640321000441697361 H 0 1.00 CCACBHHAN 
   60 ALA 0.00056926666050243044 0.04483626945490229443 H 0 1.00 CCACBHHAN 
   61 ALA 0.03234182402993360239 0.14561796621147846120 T 0 1.00 CCACBHHAN 
   62 GLY 0.10086253954649988807 0.22796660351756931062 T 0 1.00 CCAHHAN   
   63 LEU 0.19655671989959419554 0.61398330175878468307 T 0 1.00 CCACBHHAN 
   64 ALA 0.35249800298048272751 1.00000000000000000000 T 0 1.00 CCACBHHAN 
   65 GLU 0.57479711418060053241 1.00000000000000000000 S 0 0.83 CCACBHN   
   66 VAL 0.66111585133807160286 1.00000000000000000000 . 0 1.00 CCACBHHAN 
   67 VAL 0.71450448100226160442 1.00000000000000000000 . 0 0.83 CCACBHN   
   68 ARG 0.57394458147912252866 1.00000000000000000000 . 0 1.00 CCACBHHAN 
   69 ASP 0.49307987021668364669 1.00000000000000000000 . 0 0.83 CACBHHAN  
   70 PRO 0.36245080722128830697 1.00000000000000000000 . 0 0.80 CCACBHA   
   71 LEU 0.36495924972235049832 1.00000000000000000000 T 0 1.00 CCACBHHAN 
   72 ALA 0.44494310391148106376 1.00000000000000000000 T 0 1.00 CCACBHHAN 
   73 PHE 0.52256843445330147802 1.00000000000000000000 . 0 1.00 CCACBHHAN 
   74 LEU 0.55833444917082841741 1.00000000000000000000 . 0 0.67 CACBHN    
   75 ASP nan                    1.00000000000000000000 . 0 nan  nan       
   76 GLU nan                    1.00000000000000000000 S 0 nan  nan       
   77 PRO nan                    1.00000000000000000000 S 0 nan  nan       
   78 GLU 0.39452990035278773240 1.00000000000000000000 S 0 0.50 CCACB     
   79 ALA 0.49232537114562591185 1.00000000000000000000 S 0 0.83 CCACBHN   
   80 GLY 0.47481228427561100736 1.00000000000000000000 S 0 0.80 CCAHN     
   81 ALA 0.47295545082743528642 0.99908466483016133974 S 0 1.00 CCACBHHAN 
   82 GLY 0.36645014801974445939 0.99816932966032267949 . 0 1.00 CCAHHAN   
   83 ALA 0.44307909485057789256 0.99816932966032267949 . 0 1.00 CCACBHHAN 
   84 ARG 0.42120474717272909926 0.99816932966032267949 S 0 0.83 CACBHHAN  
   85 PRO 0.41033404270703111028 0.52602620895072749185 G 0 0.80 CCACBHA   
   86 ALA 0.34649657439781511581 0.05388308824113224177 G 0 1.00 CCACBHHAN 
   87 ASN 0.31339920953098265866 0.05716486466646215209 G 0 1.00 CCACBHHAN 
   88 ALA 0.24406400833371919012 0.14940838074585369166 S 0 0.83 CACBHHAN  
   89 PRO 0.12428713008587513600 0.23837012039991534174 . 0 0.80 CCACBHA   
   90 GLU 0.02730577374113397557 0.12724377330427974475 S 0 1.00 CCACBHHAN 
   91 VAL 0.00000000000000000000 0.00829700430515314946 E 0 1.00 CCACBHHAN 
   92 LEU 0.00000000000000000000 0.00047658240166216221 E 0 1.00 CCACBHHAN 
   93 LEU 0.00000000000000000000 0.00047658240166216221 E 0 1.00 CCACBHHAN 
   94 VAL 0.00000000000000000000 0.00047658240166216221 E 0 1.00 CCACBHHAN 
   95 GLY 0.05395881658837186484 0.00047658240166216221 E 0 1.00 CCAHHAN   
   96 THR 0.08542862787904223487 0.04269036594202586105 . 0 1.00 CCACBHHAN 
   97 GLY 0.07958086709824761795 0.41178406644453330321 S 0 1.00 CCAHHAN   
   98 ARG 0.03865406935684358170 0.73866398340667704936 S 0 1.00 CCACBHHAN 
   99 ARG 0.01412754258935444707 0.83354047474129056017 S 0 1.00 CCACBHHAN 
  100 GLN 0.03607819396612578500 0.92841696607590407098 . 0 1.00 CCACBHHAN 
  101 HIS 0.06783860565338538373 0.92841696607590407098 . 0 1.00 CCACBHHAN 
  102 LEU 0.12583166921111527126 0.92841696607590407098 . 0 1.00 CCACBHHAN 
  103 LEU 0.12771506328856827017 0.92841696607590407098 . 0 1.00 CCACBHHAN 
  104 GLY 0.10563120370335708775 0.92841696607590407098 . 0 0.80 CAHHAN    
  105 PRO 0.05030971750631473699 0.48900844066790827291 H 0 0.80 CCACBHA   
  106 GLU 0.02018580769748395953 0.04959991525991249567 H 0 1.00 CCACBHHAN 
  107 GLN 0.00000000000000000000 0.04959991525991249567 H 0 1.00 CCACBHHAN 
  108 VAL 0.00000000000000000000 0.07541116381010345981 H 0 1.00 CCACBHHAN 
  109 ARG 0.00000000000000000000 0.10376520824921656172 H 0 0.83 CACBHHAN  
  110 PRO 0.00000000000000000000 0.10630800413813869254 H 0 0.80 CCACBHA   
  111 LEU 0.00000000000000000000 0.10630800413813869254 H 0 1.00 CCACBHHAN 
  112 LEU 0.00000000000000000000 0.10630800413813869254 H 0 1.00 CCACBHHAN 
  113 ALA 0.03192715052910984064 0.10630800413813869254 T 0 1.00 CCACBHHAN 
  114 MET 0.06365842397742553505 0.10630800413813869254 T 0 1.00 CCACBHHAN 
  115 GLY 0.10478571231468405967 0.10630800413813869254 T 0 1.00 CCAHHAN   
  116 VAL 0.08309373647827994480 0.51736248510702143033 . 0 1.00 CCACBHHAN 
  117 GLY 0.06018196158369632648 0.46486549896122236758 E 0 1.00 CCAHHAN   
  118 VAL 0.00968422292895169262 0.00089651858551852886 E 0 1.00 CCACBHHAN 
  119 GLU 0.00000000000000000000 0.00047779386307928091 E 0 1.00 CCACBHHAN 
  120 ALA 0.00000000000000000000 0.00047658240166216221 E 0 1.00 CCACBHHAN 
  121 MET 0.00000000000000000000 0.00047658240166216221 E 0 1.00 CCACBHHAN 
  122 ASP 0.00000000000000000000 0.00047658240166216221 . 0 1.00 CCACBHHAN 
  123 THR 0.00000000000000000000 0.00047658240166216221 H 0 1.00 CCACBHHAN 
  124 GLN 0.00000000000000000000 0.00047658240166216221 H 0 1.00 CCACBHHAN 
  125 ALA 0.00000000000000000000 0.00047658240166216221 H 0 1.00 CCACBHHAN 
  126 ALA 0.00000000000000000000 0.00047658240166216221 H 0 1.00 CCACBHHAN 
  127 ALA 0.00000000000000000000 0.00047658240166216221 H 0 1.00 CCACBHHAN 
  128 ARG 0.00000000000000000000 0.00047658240166216221 H 0 1.00 CCACBHHAN 
  129 THR 0.00000000000000000000 0.00047658240166216221 H 0 1.00 CCACBHHAN 
  130 TYR 0.00000000000000000000 0.00047658240166216221 H 0 1.00 CCACBHHAN 
  131 ASN 0.00000000000000000000 0.00047658240166216221 H 0 1.00 CCACBHHAN 
  132 ILE 0.00000000000000000000 0.00047658240166216221 H 0 1.00 CCACBHHAN 
  133 LEU 0.00000000000000000000 0.00047658240166216221 H 0 1.00 CCACBHHAN 
  134 MET 0.00000000000000000000 0.00630474208631590614 H 0 1.00 CCACBHHAN 
  135 ALA 0.02354841680837057791 0.01412516398980689404 H 0 1.00 CCACBHHAN 
  136 GLU 0.08219949723347855230 0.01611742620864413736 H 0 1.00 CCACBHHAN 
  137 GLY 0.12282489334617673060 0.01611742620864413736 T 0 1.00 CCAHHAN   
  138 ARG 0.08128337559223645925 0.01611742620864413736 . 0 1.00 CCACBHHAN 
  139 ARG 0.02433471985112631297 0.01611742620864413736 . 0 1.00 CCACBHHAN 
  140 VAL 0.00000000000000000000 0.00829700430515314946 E 0 1.00 CCACBHHAN 
  141 VAL 0.00000000000000000000 0.00047658240166216221 E 0 1.00 CCACBHHAN 
  142 VAL 0.00000000000000000000 0.00047658240166216221 E 0 1.00 CCACBHHAN 
  143 ALA 0.00000000000000000000 0.00047658240166216221 E 0 1.00 CCACBHHAN 
  144 LEU 0.00000000000000000000 0.00047658240166216221 E 0 0.83 CACBHHAN  
  145 LEU 0.10254533046791537709 0.00880262859754848102 . 0 0.50 CACBHA    
  146 PRO 0.30319293830247429078 0.13617295131186601953 . 0 0.80 CCACBHA   
  147 ASP 0.50986735589708587213 0.38754568179357523627 . 0 1.00 CCACBHHAN 
  148 GLY 0.68209958374867973863 0.51987413575685326173 . 0 1.00 CCAHHAN   
  149 ASP 0.75085148433612192154 0.51987413575685326173 . 0 1.00 CCACBHHAN 
  150 SER 0.76002719925509265586 0.51987413575685326173 S 0 1.00 CCACBHHAN 
  151 LEU 0.73918468919181834487 0.51987413575685326173 S 0 0.67 CACBHN    
  152 GLU nan                    0.74137527387027390979 S 0 nan  nan       
  153 HIS nan                    0.98143820599184716791 . 0 nan  nan       
  154 HIS nan                    1.00000000000000000000 S 0 nan  nan       
  155 HIS nan                    1.00000000000000000000 S 0 nan  nan       
  156 HIS nan                    1.00000000000000000000 T 0 nan  nan       
  157 HIS nan                    1.00000000000000000000 T 0 nan  nan       
  158 HIS nan                    1.00000000000000000000 . 0 nan  nan       
