    4 HIS 0.68698663191518616333 1.00000000000000000000 S 0 0.50 CCACB     
    5 THR 0.67403441260145702252 1.00000000000000000000 S 0 0.83 CCACBHN   
    6 ASP 0.66137948316328598608 1.00000000000000000000 S 0 0.83 CACBHHAN  
    7 PRO 0.61771772249992973336 1.00000000000000000000 . 0 0.80 CCACBHA   
    8 ALA 0.57248590205654814600 1.00000000000000000000 . 0 1.00 CCACBHHAN 
    9 THR 0.42871841105802910299 0.97324056312827766924 . 0 1.00 CCACBHHAN 
   10 ALA 0.27965120621978484250 0.94648112625655533847 S 0 1.00 CCACBHHAN 
   11 LEU 0.13007700496481916508 0.97178728102653422205 . 0 1.00 CCACBHHAN 
   12 ASN 0.07957758538072107202 0.56213132070808791152 . 0 1.00 CCACBHHAN 
   13 THR 0.04601193649076754100 0.12716920561966252312 . 0 1.00 CCACBHHAN 
   14 VAL 0.03492950929398760951 0.12716920561966252312 E 0 1.00 CCACBHHAN 
   15 THR 0.03343771933068826613 0.12716920561966252312 E 0 1.00 CCACBHHAN 
   16 ALA 0.03238498557226842517 0.12716920561966252312 E 0 1.00 CCACBHHAN 
   17 TYR 0.04571569641325872596 0.12716920561966252312 E 0 1.00 CCACBHHAN 
   18 GLY 0.08770159228387014450 0.49079921003543036662 S 0 1.00 CCAHHAN   
   19 ASP 0.09426340156476885335 0.85442921445119823787 S 0 1.00 CCACBHHAN 
   20 GLY 0.07389152108648465445 0.85442921445119823787 S 0 1.00 CCAHHAN   
   21 TYR 0.00742459171102161693 0.49079921003543036662 S 0 1.00 CCACBHHAN 
   22 ILE 0.00000000000000000000 0.12716920561966252312 E 0 1.00 CCACBHHAN 
   23 GLU 0.00000000000000000000 0.12716920561966252312 E 0 1.00 CCACBHHAN 
   24 VAL 0.00000000000000000000 0.12716920561966252312 E 0 1.00 CCACBHHAN 
   25 ASN 0.00000000000000000000 0.12716920561966252312 S 0 1.00 CCACBHHAN 
   26 GLN 0.04274511540115915470 0.12716920561966252312 S 0 0.83 CCACBHHA  
   27 VAL 0.12372875669306586388 0.12716920561966252312 . 0 1.00 CCACBHHAN 
   28 ARG 0.14478106410696281459 0.12716920561966252312 E 0 1.00 CCACBHHAN 
   29 PHE 0.11629870108976246568 0.12716920561966252312 E 0 1.00 CCACBHHAN 
   30 SER 0.03184770089939870097 0.12716920561966252312 S 0 1.00 CCACBHHAN 
   31 HIS 0.00000000000000000000 0.11969296473595369967 S 0 1.00 CCACBHHAN 
   32 ALA 0.00000000000000000000 0.09806108237274166473 . 0 1.00 CCACBHHAN 
   33 ILE 0.00000000000000000000 0.04310821974696545100 E 0 1.00 CCACBHHAN 
   34 ALA 0.00000000000000000000 0.00142146483414985476 E 0 1.00 CCACBHHAN 
   35 PHE 0.00000000000000000000 0.00051750123045102661 E 0 1.00 CCACBHHAN 
   36 ALA 0.00000000000000000000 0.03628366644461026441 . 0 0.83 CACBHHAN  
   37 PRO 0.00000000000000000000 0.07206426149592573549 T 0 0.80 CCACBHA   
   38 GLU 0.00109611731876505252 0.12193825053619017362 T 0 1.00 CCACBHHAN 
   39 GLY 0.09059301817664922041 0.17181223957645461176 S 0 0.80 CAHHAN    
   40 PRO 0.13372782022616286346 0.17181223957645461176 . 0 0.80 CCACBHA   
   41 VAL 0.17251225092903066383 0.17181223957645461176 E 0 1.00 CCACBHHAN 
   42 ALA 0.08427347592441847279 0.12785884023484653249 E 0 1.00 CCACBHHAN 
   43 SER 0.04057919966519919069 0.08390544089323845323 E 0 0.83 CACBHHAN  
   44 TRP 0.00000000000000000000 0.04195313220289458717 . 0 0.50 CACBHA    
   45 PRO 0.01246480073836358365 0.00000082351255072379 . 0 0.80 CCACBHA   
   46 VAL 0.03385561198406479566 0.00000082351255072379 . 0 1.00 CCACBHHAN 
   47 GLN 0.04506559172499060434 0.42621961945051312082 . 0 1.00 CCACBHHAN 
   48 ARG 0.04727907865577575530 0.85243841538847553441 S 0 0.83 CACBHHAN  
   49 PRO 0.04364039691924866127 0.48347730964888002703 T 0 0.80 CCACBHA   
   50 ALA 0.04360847237667499904 0.11451620390928453352 T 0 1.00 CCACBHHAN 
   51 ASP 0.01924190860700132621 0.48347730964888002703 S 0 1.00 CCACBHHAN 
   52 ILE 0.00000000000000000000 0.85243841538847553441 . 0 1.00 CCACBHHAN 
   53 THR 0.00000000000000000000 0.85243841538847553441 . 0 1.00 CCACBHHAN 
   54 ALA 0.00000000000000000000 0.43870456571640192855 H 0 1.00 CCACBHHAN 
   55 SER 0.00000000000000000000 0.02497071604432830189 H 0 1.00 CCACBHHAN 
   56 LEU 0.00000000000000000000 0.02497071604432830189 H 0 1.00 CCACBHHAN 
   57 LEU 0.00000000000000000000 0.02497071604432830189 H 0 1.00 CCACBHHAN 
   58 GLN 0.00000000000000000000 0.02497071604432830189 H 0 1.00 CCACBHHAN 
   59 GLN 0.00000000000000000000 0.02497071604432830189 H 0 1.00 CCACBHHAN 
   60 ALA 0.00056926666050243044 0.03523691739826462915 H 0 1.00 CCACBHHAN 
   61 ALA 0.03234182402993360239 0.11868316024441581680 T 0 1.00 CCACBHHAN 
   62 GLY 0.10086253954649988807 0.19186320173663068411 T 0 1.00 CCAHHAN   
   63 LEU 0.19655671989959419554 0.57639423313236071156 . 0 1.00 CCACBHHAN 
   64 ALA 0.35249800298048272751 0.98046263226404528623 S 0 1.00 CCACBHHAN 
   65 GLU 0.57479711418060053241 1.00000000000000000000 . 0 0.83 CCACBHN   
   66 VAL 0.66111585133807160286 1.00000000000000000000 . 0 1.00 CCACBHHAN 
   67 VAL 0.71450448100226160442 1.00000000000000000000 S 0 0.83 CCACBHN   
   68 ARG 0.57394458147912252866 1.00000000000000000000 S 0 1.00 CCACBHHAN 
   69 ASP 0.49307987021668364669 1.00000000000000000000 . 0 0.83 CACBHHAN  
   70 PRO 0.36245080722128830697 0.99952109752099493889 . 0 0.80 CCACBHA   
   71 LEU 0.36495924972235049832 0.99952109752099493889 . 0 1.00 CCACBHHAN 
   72 ALA 0.44494310391148106376 1.00000000000000000000 S 0 1.00 CCACBHHAN 
   73 PHE 0.52256843445330147802 1.00000000000000000000 . 0 1.00 CCACBHHAN 
   74 LEU 0.55833444917082841741 1.00000000000000000000 T 0 0.67 CACBHN    
   75 ASP nan                    1.00000000000000000000 T 0 nan  nan       
   76 GLU nan                    1.00000000000000000000 S 0 nan  nan       
   77 PRO nan                    1.00000000000000000000 . 0 nan  nan       
   78 GLU 0.39452990035278773240 1.00000000000000000000 . 0 0.50 CCACB     
   79 ALA 0.49232537114562591185 1.00000000000000000000 . 0 0.83 CCACBHN   
   80 GLY 0.47481228427561100736 0.86492593103169368440 T 0 0.80 CCAHN     
   81 ALA 0.47295545082743528642 0.72985186206338725778 T 0 1.00 CCACBHHAN 
   82 GLY 0.36645014801974445939 0.72985186206338725778 T 0 1.00 CCAHHAN   
   83 ALA 0.44307909485057789256 0.86492593103169368440 . 0 1.00 CCACBHHAN 
   84 ARG 0.42120474717272909926 1.00000000000000000000 . 0 0.83 CACBHHAN  
   85 PRO 0.41033404270703111028 0.99999234189175956189 S 0 0.80 CCACBHA   
   86 ALA 0.34649657439781511581 0.99998468378351901276 . 0 1.00 CCACBHHAN 
   87 ASN 0.31339920953098265866 0.99999234189175956189 . 0 1.00 CCACBHHAN 
   88 ALA 0.24406400833371919012 1.00000000000000000000 . 0 0.83 CACBHHAN  
   89 PRO 0.12428713008587513600 0.74512888482554495706 . 0 0.80 CCACBHA   
   90 GLU 0.02730577374113397557 0.29891556765820964658 S 0 1.00 CCACBHHAN 
   91 VAL 0.00000000000000000000 0.05403821852931207925 E 0 1.00 CCACBHHAN 
   92 LEU 0.00000000000000000000 0.00050307139329479691 E 0 1.00 CCACBHHAN 
   93 LEU 0.00000000000000000000 0.00050307139329479691 E 0 1.00 CCACBHHAN 
   94 VAL 0.00000000000000000000 0.00051750123045102661 E 0 1.00 CCACBHHAN 
   95 GLY 0.05395881658837186484 0.00053193106760725641 E 0 1.00 CCAHHAN   
   96 THR 0.08542862787904223487 0.05879622083560247930 . 0 1.00 CCACBHHAN 
   97 GLY 0.07958086709824761795 0.40005917883412306368 S 0 1.00 CCAHHAN   
   98 ARG 0.03865406935684358170 0.68305784706464844902 S 0 1.00 CCACBHHAN 
   99 ARG 0.01412754258935444707 0.76774813122656193620 S 0 1.00 CCACBHHAN 
  100 GLN 0.03607819396612578500 0.85243841538847553441 . 0 1.00 CCACBHHAN 
  101 HIS 0.06783860565338538373 0.85243841538847553441 . 0 1.00 CCACBHHAN 
  102 LEU 0.12583166921111527126 0.85243841538847553441 . 0 1.00 CCACBHHAN 
  103 LEU 0.12771506328856827017 0.43866242753568768231 . 0 1.00 CCACBHHAN 
  104 GLY 0.10563120370335708775 0.02488643968289986491 . 0 0.80 CAHHAN    
  105 PRO 0.05030971750631473699 0.02488643968289986491 T 0 0.80 CCACBHA   
  106 GLU 0.02018580769748395953 0.02488643968289986491 T 0 1.00 CCACBHHAN 
  107 GLN 0.00000000000000000000 0.02488643968289986491 T 0 1.00 CCACBHHAN 
  108 VAL 0.00000000000000000000 0.01803689516396517201 S 0 1.00 CCACBHHAN 
  109 ARG 0.00000000000000000000 0.01118735064503047737 H 0 0.83 CACBHHAN  
  110 PRO 0.00000000000000000000 0.01118735064503047737 H 0 0.80 CCACBHA   
  111 LEU 0.00000000000000000000 0.01118735064503047737 H 0 1.00 CCACBHHAN 
  112 LEU 0.00000000000000000000 0.01118735064503047737 H 0 1.00 CCACBHHAN 
  113 ALA 0.03192715052910984064 0.01118735064503047737 H 0 1.00 CCACBHHAN 
  114 MET 0.06365842397742553505 0.01118735064503047737 H 0 1.00 CCACBHHAN 
  115 GLY 0.10478571231468405967 0.01118735064503047737 T 0 1.00 CCAHHAN   
  116 VAL 0.08309373647827994480 0.00877423437209286401 . 0 1.00 CCACBHHAN 
  117 GLY 0.06018196158369632648 0.00636111809915525066 E 0 1.00 CCAHHAN   
  118 VAL 0.00968422292895169262 0.00352270249123801116 E 0 1.00 CCACBHHAN 
  119 GLU 0.00000000000000000000 0.00060810897546401425 E 0 1.00 CCACBHHAN 
  120 ALA 0.00000000000000000000 0.00053193106760725641 E 0 1.00 CCACBHHAN 
  121 MET 0.00000000000000000000 0.00053193106760725641 E 0 1.00 CCACBHHAN 
  122 ASP 0.00000000000000000000 0.00100426015160249042 . 0 1.00 CCACBHHAN 
  123 THR 0.00000000000000000000 0.00147658923559772421 H 0 1.00 CCACBHHAN 
  124 GLN 0.00000000000000000000 0.00147658923559772421 H 0 1.00 CCACBHHAN 
  125 ALA 0.00000000000000000000 0.00147658923559772421 H 0 1.00 CCACBHHAN 
  126 ALA 0.00000000000000000000 0.00147658923559772421 H 0 1.00 CCACBHHAN 
  127 ALA 0.00000000000000000000 0.00147658923559772421 H 0 1.00 CCACBHHAN 
  128 ARG 0.00000000000000000000 0.00147658923559772421 H 0 1.00 CCACBHHAN 
  129 THR 0.00000000000000000000 0.00147658923559772421 H 0 1.00 CCACBHHAN 
  130 TYR 0.00000000000000000000 0.00098983031444626062 H 0 1.00 CCACBHHAN 
  131 ASN 0.00000000000000000000 0.00050307139329479691 H 0 1.00 CCACBHHAN 
  132 ILE 0.00000000000000000000 0.00050307139329479691 H 0 1.00 CCACBHHAN 
  133 LEU 0.00000000000000000000 0.00050307139329479691 H 0 1.00 CCACBHHAN 
  134 MET 0.00000000000000000000 0.00848929628070532911 H 0 1.00 CCACBHHAN 
  135 ALA 0.02354841680837057791 0.01647552116811586143 H 0 1.00 CCACBHHAN 
  136 GLU 0.08219949723347855230 0.01647552116811586143 H 0 1.00 CCACBHHAN 
  137 GLY 0.12282489334617673060 0.01647552116811586143 T 0 1.00 CCAHHAN   
  138 ARG 0.08128337559223645925 0.01647552116811586143 . 0 1.00 CCACBHHAN 
  139 ARG 0.02433471985112631297 0.01647552116811586143 . 0 1.00 CCACBHHAN 
  140 VAL 0.00000000000000000000 0.00848929628070532911 E 0 1.00 CCACBHHAN 
  141 VAL 0.00000000000000000000 0.00050307139329479691 E 0 1.00 CCACBHHAN 
  142 VAL 0.00000000000000000000 0.00050307139329479691 E 0 1.00 CCACBHHAN 
  143 ALA 0.00000000000000000000 0.00051750123045102661 E 0 1.00 CCACBHHAN 
  144 LEU 0.00000000000000000000 0.00053193106760725641 E 0 0.83 CACBHHAN  
  145 LEU 0.10254533046791537709 0.04221868598042285287 . 0 0.50 CACBHA    
  146 PRO 0.30319293830247429078 0.38348164397894346500 . 0 0.80 CCACBHA   
  147 ASP 0.50986735589708587213 0.68305784706464844902 . 0 1.00 CCACBHHAN 
  148 GLY 0.68209958374867973863 0.71229960766837463471 . 0 1.00 CCAHHAN   
  149 ASP 0.75085148433612192154 0.74154136827210082039 . 0 1.00 CCACBHHAN 
  150 SER 0.76002719925509265586 0.86523353320317952786 . 0 1.00 CCACBHHAN 
  151 LEU 0.73918468919181834487 0.99446284906712911766 . 0 0.67 CACBHN    
  152 GLU nan                    1.00000000000000000000 . 0 nan  nan       
  153 HIS nan                    1.00000000000000000000 . 0 nan  nan       
  154 HIS nan                    1.00000000000000000000 . 0 nan  nan       
  155 HIS nan                    1.00000000000000000000 . 0 nan  nan       
  156 HIS nan                    1.00000000000000000000 T 0 nan  nan       
  157 HIS nan                    1.00000000000000000000 T 0 nan  nan       
  158 HIS nan                    1.00000000000000000000 . 0 nan  nan       
