    4 HIS 0.68698663191518616333 0.99451501595807978440 . 0 0.50 CCACB     
    5 THR 0.67403441260145702252 0.99451501595807978440 . 0 0.83 CCACBHN   
    6 ASP 0.66137948316328598608 0.99076621102736384117 . 0 0.83 CACBHHAN  
    7 PRO 0.61771772249992973336 0.76462198176476858791 . 0 0.80 CCACBHA   
    8 ALA 0.57248590205654814600 0.72533488567641479783 G 0 1.00 CCACBHHAN 
    9 THR 0.42871841105802910299 0.91219201885065626101 G 0 1.00 CCACBHHAN 
   10 ALA 0.27965120621978484250 0.91219201885065626101 G 0 1.00 CCACBHHAN 
   11 LEU 0.13007700496481916508 0.91139861523498844065 . 0 1.00 CCACBHHAN 
   12 ASN 0.07957758538072107202 0.77235169560423333479 . 0 1.00 CCACBHHAN 
   13 THR 0.04601193649076754100 0.63409817958914582725 . 0 1.00 CCACBHHAN 
   14 VAL 0.03492950929398760951 0.35871910659360600748 . 0 1.00 CCACBHHAN 
   15 THR 0.03343771933068826613 0.07138674867363656307 . 0 1.00 CCACBHHAN 
   16 ALA 0.03238498557226842517 0.05943346374920695230 E 0 1.00 CCACBHHAN 
   17 TYR 0.04571569641325872596 0.05943346374920695230 E 0 1.00 CCACBHHAN 
   18 GLY 0.08770159228387014450 0.25513155797345088427 E 0 1.00 CCAHHAN   
   19 ASP 0.09426340156476885335 0.45082965219769477461 T 0 1.00 CCACBHHAN 
   20 GLY 0.07389152108648465445 0.45082965219769477461 T 0 1.00 CCAHHAN   
   21 TYR 0.00742459171102161693 0.45082965219769477461 E 0 1.00 CCACBHHAN 
   22 ILE 0.00000000000000000000 0.25513155797345088427 E 0 1.00 CCACBHHAN 
   23 GLU 0.00000000000000000000 0.05943346374920695230 E 0 1.00 CCACBHHAN 
   24 VAL 0.00000000000000000000 0.05943346374920695230 E 0 1.00 CCACBHHAN 
   25 ASN 0.00000000000000000000 0.05943346374920695230 T 0 1.00 CCACBHHAN 
   26 GLN 0.04274511540115915470 0.05943346374920695230 T 0 0.83 CCACBHHA  
   27 VAL 0.12372875669306586388 0.05943346374920695230 E 0 1.00 CCACBHHAN 
   28 ARG 0.14478106410696281459 0.05943346374920695230 E 0 1.00 CCACBHHAN 
   29 PHE 0.11629870108976246568 0.05943346374920695230 E 0 1.00 CCACBHHAN 
   30 SER 0.03184770089939870097 0.34676582166917641059 . 0 1.00 CCACBHHAN 
   31 HIS 0.00000000000000000000 0.63409817958914582725 S 0 1.00 CCACBHHAN 
   32 ALA 0.00000000000000000000 0.32363940565822246764 . 0 1.00 CCACBHHAN 
   33 ILE 0.00000000000000000000 0.00939216648095780697 E 0 1.00 CCACBHHAN 
   34 ALA 0.00000000000000000000 0.00560370123461656055 E 0 1.00 CCACBHHAN 
   35 PHE 0.00000000000000000000 0.00560370123461656055 E 0 1.00 CCACBHHAN 
   36 ALA 0.00000000000000000000 0.31985094041188116831 . 0 0.83 CACBHHAN  
   37 PRO 0.00000000000000000000 0.63409817958914582725 T 0 0.80 CCACBHA   
   38 GLU 0.00109611731876505252 0.63409817958914582725 T 0 1.00 CCACBHHAN 
   39 GLY 0.09059301817664922041 0.63409817958914582725 S 0 0.80 CAHHAN    
   40 PRO 0.13372782022616286346 0.63409817958914582725 . 0 0.80 CCACBHA   
   41 VAL 0.17251225092903066383 0.39133225015872691310 E 0 1.00 CCACBHHAN 
   42 ALA 0.08427347592441847279 0.08087347622780351186 E 0 1.00 CCACBHHAN 
   43 SER 0.04057919966519919069 0.01318063172729905426 E 0 0.83 CACBHHAN  
   44 TRP 0.00000000000000000000 0.00659033865859280903 . 0 0.50 CACBHA    
   45 PRO 0.01246480073836358365 0.00000004558988656373 . 0 0.80 CCACBHA   
   46 VAL 0.03385561198406479566 0.00000004558988656373 . 0 1.00 CCACBHHAN 
   47 GLN 0.04506559172499060434 0.44188204533876507263 . 0 1.00 CCACBHHAN 
   48 ARG 0.04727907865577575530 0.88376404508764361267 . 0 0.83 CACBHHAN  
   49 PRO 0.04364039691924866127 0.46932920237495662219 T 0 0.80 CCACBHA   
   50 ALA 0.04360847237667499904 0.05489435966226959007 T 0 1.00 CCACBHHAN 
   51 ASP 0.01924190860700132621 0.46932920237495662219 . 0 1.00 CCACBHHAN 
   52 ILE 0.00000000000000000000 0.45405478937444709864 . 0 1.00 CCACBHHAN 
   53 THR 0.00000000000000000000 0.02434553366125062623 . 0 1.00 CCACBHHAN 
   54 ALA 0.00000000000000000000 0.02100169136950326768 H 0 1.00 CCACBHHAN 
   55 SER 0.00000000000000000000 0.01765784907775590912 H 0 1.00 CCACBHHAN 
   56 LEU 0.00000000000000000000 0.01765784907775590912 H 0 1.00 CCACBHHAN 
   57 LEU 0.00000000000000000000 0.01765784907775590912 H 0 1.00 CCACBHHAN 
   58 GLN 0.00000000000000000000 0.01765784907775590912 H 0 1.00 CCACBHHAN 
   59 GLN 0.00000000000000000000 0.01765784907775590912 H 0 1.00 CCACBHHAN 
   60 ALA 0.00056926666050243044 0.11990212910926158207 H 0 1.00 CCACBHHAN 
   61 ALA 0.03234182402993360239 0.22214640914076724809 T 0 1.00 CCACBHHAN 
   62 GLY 0.10086253954649988807 0.22214640914076724809 T 0 1.00 CCAHHAN   
   63 LEU 0.19655671989959419554 0.32364652239590385729 T 0 1.00 CCACBHHAN 
   64 ALA 0.35249800298048272751 0.42514663565104043874 T 0 1.00 CCACBHHAN 
   65 GLU 0.57479711418060053241 0.30158366180583900951 H 0 0.83 CCACBHN   
   66 VAL 0.66111585133807160286 0.17802068796063760803 H 0 1.00 CCACBHHAN 
   67 VAL 0.71450448100226160442 0.17802068796063760803 H 0 0.83 CCACBHN   
   68 ARG 0.57394458147912252866 0.32375796128562417397 H 0 1.00 CCACBHHAN 
   69 ASP 0.49307987021668364669 0.31850293802974871671 . 0 0.83 CACBHHAN  
   70 PRO 0.36245080722128830697 0.11433838301653023728 T 0 0.80 CCACBHA   
   71 LEU 0.36495924972235049832 0.06116612458417386433 T 0 1.00 CCACBHHAN 
   72 ALA 0.44494310391148106376 0.52447120197811669673 S 0 1.00 CCACBHHAN 
   73 PHE 0.52256843445330147802 0.99388813968602973681 . 0 1.00 CCACBHHAN 
   74 LEU 0.55833444917082841741 1.00000000000000000000 S 0 0.67 CACBHN    
   75 ASP nan                    1.00000000000000000000 S 0 nan  nan       
   76 GLU nan                    1.00000000000000000000 S 0 nan  nan       
   77 PRO nan                    1.00000000000000000000 . 0 nan  nan       
   78 GLU 0.39452990035278773240 1.00000000000000000000 S 0 0.50 CCACB     
   79 ALA 0.49232537114562591185 1.00000000000000000000 S 0 0.83 CCACBHN   
   80 GLY 0.47481228427561100736 1.00000000000000000000 S 0 0.80 CCAHN     
   81 ALA 0.47295545082743528642 1.00000000000000000000 S 0 1.00 CCACBHHAN 
   82 GLY 0.36645014801974445939 1.00000000000000000000 S 0 1.00 CCAHHAN   
   83 ALA 0.44307909485057789256 1.00000000000000000000 . 0 1.00 CCACBHHAN 
   84 ARG 0.42120474717272909926 1.00000000000000000000 . 0 0.83 CACBHHAN  
   85 PRO 0.41033404270703111028 1.00000000000000000000 S 0 0.80 CCACBHA   
   86 ALA 0.34649657439781511581 1.00000000000000000000 S 0 1.00 CCACBHHAN 
   87 ASN 0.31339920953098265866 1.00000000000000000000 . 0 1.00 CCACBHHAN 
   88 ALA 0.24406400833371919012 0.81704908979457291363 S 0 0.83 CACBHHAN  
   89 PRO 0.12428713008587513600 0.63409817958914582725 . 0 0.80 CCACBHA   
   90 GLU 0.02730577374113397557 0.34235723378060745059 S 0 1.00 CCACBHHAN 
   91 VAL 0.00000000000000000000 0.02810999460334279165 E 0 1.00 CCACBHHAN 
   92 LEU 0.00000000000000000000 0.00560370123461656055 E 0 1.00 CCACBHHAN 
   93 LEU 0.00000000000000000000 0.00560370123461656055 E 0 1.00 CCACBHHAN 
   94 VAL 0.00000000000000000000 0.00560370123461656055 E 0 1.00 CCACBHHAN 
   95 GLY 0.05395881658837186484 0.00560370123461656055 E 0 1.00 CCAHHAN   
   96 THR 0.08542862787904223487 0.44468387316113006102 . 0 1.00 CCACBHHAN 
   97 GLY 0.07958086709824761795 0.88376404508764361267 . 0 1.00 CCAHHAN   
   98 ARG 0.03865406935684358170 0.88376404508764361267 S 0 1.00 CCACBHHAN 
   99 ARG 0.01412754258935444707 0.94188202254382180634 S 0 1.00 CCACBHHAN 
  100 GLN 0.03607819396612578500 1.00000000000000000000 . 0 1.00 CCACBHHAN 
  101 HIS 0.06783860565338538373 0.99941252340722830372 . 0 1.00 CCACBHHAN 
  102 LEU 0.12583166921111527126 0.99941252340722830372 . 0 1.00 CCACBHHAN 
  103 LEU 0.12771506328856827017 1.00000000000000000000 . 0 1.00 CCACBHHAN 
  104 GLY 0.10563120370335708775 1.00000000000000000000 . 0 0.80 CAHHAN    
  105 PRO 0.05030971750631473699 0.50480426628921426513 H 0 0.80 CCACBHA   
  106 GLU 0.02018580769748395953 0.00960853257842850597 H 0 1.00 CCACBHHAN 
  107 GLN 0.00000000000000000000 0.04095841757979565290 H 0 1.00 CCACBHHAN 
  108 VAL 0.00000000000000000000 0.25918121386257553240 H 0 1.00 CCACBHHAN 
  109 ARG 0.00000000000000000000 0.22434096249190224603 H 0 0.83 CACBHHAN  
  110 PRO 0.00000000000000000000 0.00262779983981627566 H 0 0.80 CCACBHA   
  111 LEU 0.00000000000000000000 0.00262779983981627566 H 0 1.00 CCACBHHAN 
  112 LEU 0.00000000000000000000 0.00262779983981627566 H 0 1.00 CCACBHHAN 
  113 ALA 0.03192715052910984064 0.00262779983981627566 H 0 1.00 CCACBHHAN 
  114 MET 0.06365842397742553505 0.00262779983981627566 H 0 1.00 CCACBHHAN 
  115 GLY 0.10478571231468405967 0.00262779983981627566 T 0 1.00 CCAHHAN   
  116 VAL 0.08309373647827994480 0.01348666675053345095 . 0 1.00 CCACBHHAN 
  117 GLY 0.06018196158369632648 0.01497461744793359383 E 0 1.00 CCAHHAN   
  118 VAL 0.00968422292895169262 0.00560370123461656055 E 0 1.00 CCACBHHAN 
  119 GLU 0.00000000000000000000 0.00560370123461656055 E 0 1.00 CCACBHHAN 
  120 ALA 0.00000000000000000000 0.00560370123461656055 E 0 1.00 CCACBHHAN 
  121 MET 0.00000000000000000000 0.00560370123461656055 E 0 1.00 CCACBHHAN 
  122 ASP 0.00000000000000000000 0.00640620791697225564 . 0 1.00 CCACBHHAN 
  123 THR 0.00000000000000000000 0.00720871459932795073 H 0 1.00 CCACBHHAN 
  124 GLN 0.00000000000000000000 0.00720871459932795073 H 0 1.00 CCACBHHAN 
  125 ALA 0.00000000000000000000 0.00720871459932795073 H 0 1.00 CCACBHHAN 
  126 ALA 0.00000000000000000000 0.00720871459932795073 H 0 1.00 CCACBHHAN 
  127 ALA 0.00000000000000000000 0.00720871459932795073 H 0 1.00 CCACBHHAN 
  128 ARG 0.00000000000000000000 0.00720871459932795073 H 0 1.00 CCACBHHAN 
  129 THR 0.00000000000000000000 0.00720871459932795073 H 0 1.00 CCACBHHAN 
  130 TYR 0.00000000000000000000 0.00720871459932795073 H 0 1.00 CCACBHHAN 
  131 ASN 0.00000000000000000000 0.00720871459932795073 H 0 1.00 CCACBHHAN 
  132 ILE 0.00000000000000000000 0.00720871459932795073 H 0 1.00 CCACBHHAN 
  133 LEU 0.00000000000000000000 0.00720871459932795073 H 0 1.00 CCACBHHAN 
  134 MET 0.00000000000000000000 0.00720871459932795073 H 0 1.00 CCACBHHAN 
  135 ALA 0.02354841680837057791 0.02891250128569848935 H 0 1.00 CCACBHHAN 
  136 GLU 0.08219949723347855230 0.05061628797206902536 T 0 1.00 CCACBHHAN 
  137 GLY 0.12282489334617673060 0.05061628797206902536 T 0 1.00 CCAHHAN   
  138 ARG 0.08128337559223645925 0.05061628797206902536 . 0 1.00 CCACBHHAN 
  139 ARG 0.02433471985112631297 0.05061628797206902536 . 0 1.00 CCACBHHAN 
  140 VAL 0.00000000000000000000 0.02810999460334279165 E 0 1.00 CCACBHHAN 
  141 VAL 0.00000000000000000000 0.00560370123461656055 E 0 1.00 CCACBHHAN 
  142 VAL 0.00000000000000000000 0.00560370123461656055 E 0 1.00 CCACBHHAN 
  143 ALA 0.00000000000000000000 0.00560370123461656055 E 0 1.00 CCACBHHAN 
  144 LEU 0.00000000000000000000 0.00560370123461656055 E 0 0.83 CACBHHAN  
  145 LEU 0.10254533046791537709 0.00939216648095780697 . 0 0.50 CACBHA    
  146 PRO 0.30319293830247429078 0.44333363486304561141 . 0 0.80 CCACBHA   
  147 ASP 0.50986735589708587213 0.43812556607768909922 . 0 1.00 CCACBHHAN 
  148 GLY 0.68209958374867973863 0.00276449415658605591 . 0 1.00 CCAHHAN   
  149 ASP 0.75085148433612192154 0.00276449415658605591 S 0 1.00 CCACBHHAN 
  150 SER 0.76002719925509265586 0.10493069798359784539 S 0 1.00 CCACBHHAN 
  151 LEU 0.73918468919181834487 0.56687892538668638309 S 0 0.67 CACBHN    
  152 GLU nan                    0.96332146495445103440 . 0 nan  nan       
  153 HIS nan                    0.99999099047306938548 . 0 nan  nan       
  154 HIS nan                    1.00000000000000000000 T 0 nan  nan       
  155 HIS nan                    1.00000000000000000000 T 0 nan  nan       
  156 HIS nan                    1.00000000000000000000 S 0 nan  nan       
  157 HIS nan                    1.00000000000000000000 . 0 nan  nan       
  158 HIS nan                    1.00000000000000000000 . 0 nan  nan       
