    4 HIS 0.68698663191518616333 1.00000000000000000000 . 0 0.50 CCACB     
    5 THR 0.67403441260145702252 1.00000000000000000000 . 0 0.83 CCACBHN   
    6 ASP 0.66137948316328598608 1.00000000000000000000 . 0 0.83 CACBHHAN  
    7 PRO 0.61771772249992973336 1.00000000000000000000 . 0 0.80 CCACBHA   
    8 ALA 0.57248590205654814600 1.00000000000000000000 . 0 1.00 CCACBHHAN 
    9 THR 0.42871841105802910299 1.00000000000000000000 . 0 1.00 CCACBHHAN 
   10 ALA 0.27965120621978484250 0.94397840839461999440 . 0 1.00 CCACBHHAN 
   11 LEU 0.13007700496481916508 0.88795681678923998881 . 0 1.00 CCACBHHAN 
   12 ASN 0.07957758538072107202 0.67315844589134021803 . 0 1.00 CCACBHHAN 
   13 THR 0.04601193649076754100 0.45836007499344050276 . 0 1.00 CCACBHHAN 
   14 VAL 0.03492950929398760951 0.45836007499344050276 E 0 1.00 CCACBHHAN 
   15 THR 0.03343771933068826613 0.25505047466019292735 E 0 1.00 CCACBHHAN 
   16 ALA 0.03238498557226842517 0.05174087432694534500 E 0 1.00 CCACBHHAN 
   17 TYR 0.04571569641325872596 0.34598907164523062807 . 0 1.00 CCACBHHAN 
   18 GLY 0.08770159228387014450 0.64023726896351595972 T 0 1.00 CCAHHAN   
   19 ASP 0.09426340156476885335 0.64023726896351595972 T 0 1.00 CCACBHHAN 
   20 GLY 0.07389152108648465445 0.64023726896351595972 T 0 1.00 CCAHHAN   
   21 TYR 0.00742459171102161693 0.34598907164523062807 S 0 1.00 CCACBHHAN 
   22 ILE 0.00000000000000000000 0.05174087432694534500 E 0 1.00 CCACBHHAN 
   23 GLU 0.00000000000000000000 0.05174087432694534500 E 0 1.00 CCACBHHAN 
   24 VAL 0.00000000000000000000 0.05174087432694534500 E 0 1.00 CCACBHHAN 
   25 ASN 0.00000000000000000000 0.05174087432694534500 T 0 1.00 CCACBHHAN 
   26 GLN 0.04274511540115915470 0.05174087432694534500 T 0 0.83 CCACBHHA  
   27 VAL 0.12372875669306586388 0.05174087432694534500 E 0 1.00 CCACBHHAN 
   28 ARG 0.14478106410696281459 0.05174087432694534500 E 0 1.00 CCACBHHAN 
   29 PHE 0.11629870108976246568 0.05174087432694534500 E 0 1.00 CCACBHHAN 
   30 SER 0.03184770089939870097 0.25505047466019292735 S 0 1.00 CCACBHHAN 
   31 HIS 0.00000000000000000000 0.45836007499344050276 S 0 1.00 CCACBHHAN 
   32 ALA 0.00000000000000000000 0.45836007499344050276 . 0 1.00 CCACBHHAN 
   33 ILE 0.00000000000000000000 0.23605482151780421418 E 0 1.00 CCACBHHAN 
   34 ALA 0.00000000000000000000 0.00747549822121910002 E 0 1.00 CCACBHHAN 
   35 PHE 0.00000000000000000000 0.00120142840027028484 E 0 1.00 CCACBHHAN 
   36 ALA 0.00000000000000000000 0.12280507247285737948 . 0 0.83 CACBHHAN  
   37 PRO 0.00000000000000000000 0.24440871654544446545 S 0 0.80 CCACBHA   
   38 GLU 0.00109611731876505252 0.24440871654544446545 S 0 1.00 CCACBHHAN 
   39 GLY 0.09059301817664922041 0.38117657056871995236 S 0 0.80 CAHHAN    
   40 PRO 0.13372782022616286346 0.51794442459199541151 . 0 0.80 CCACBHA   
   41 VAL 0.17251225092903066383 0.51794442459199541151 E 0 1.00 CCACBHHAN 
   42 ALA 0.08427347592441847279 0.51794442459199541151 E 0 1.00 CCACBHHAN 
   43 SER 0.04057919966519919069 0.51794442459199541151 E 0 0.83 CACBHHAN  
   44 TRP 0.00000000000000000000 0.55968283444228505985 . 0 0.50 CACBHA    
   45 PRO 0.01246480073836358365 0.60142124429257470819 S 0 0.80 CCACBHA   
   46 VAL 0.03385561198406479566 0.60142124429257470819 . 0 1.00 CCACBHHAN 
   47 GLN 0.04506559172499060434 0.60142124429257470819 . 0 1.00 CCACBHHAN 
   48 ARG 0.04727907865577575530 0.60142124429257470819 S 0 0.83 CACBHHAN  
   49 PRO 0.04364039691924866127 0.33304814161680112994 T 0 0.80 CCACBHA   
   50 ALA 0.04360847237667499904 0.06467503894102759332 T 0 1.00 CCACBHHAN 
   51 ASP 0.01924190860700132621 0.33304814161680112994 S 0 1.00 CCACBHHAN 
   52 ILE 0.00000000000000000000 0.60142124429257470819 . 0 1.00 CCACBHHAN 
   53 THR 0.00000000000000000000 0.42560898748581960094 . 0 1.00 CCACBHHAN 
   54 ALA 0.00000000000000000000 0.14104143790699286143 H 0 1.00 CCACBHHAN 
   55 SER 0.00000000000000000000 0.03228614513492122223 H 0 1.00 CCACBHHAN 
   56 LEU 0.00000000000000000000 0.03228614513492122223 H 0 1.00 CCACBHHAN 
   57 LEU 0.00000000000000000000 0.03228614513492122223 H 0 1.00 CCACBHHAN 
   58 GLN 0.00000000000000000000 0.03228614513492122223 H 0 1.00 CCACBHHAN 
   59 GLN 0.00000000000000000000 0.03228614513492122223 H 0 1.00 CCACBHHAN 
   60 ALA 0.00056926666050243044 0.08820009893025833325 H 0 1.00 CCACBHHAN 
   61 ALA 0.03234182402993360239 0.14411405272559543733 T 0 1.00 CCACBHHAN 
   62 GLY 0.10086253954649988807 0.14411405272559543733 T 0 1.00 CCAHHAN   
   63 LEU 0.19655671989959419554 0.57205702636279776030 . 0 1.00 CCACBHHAN 
   64 ALA 0.35249800298048272751 1.00000000000000000000 . 0 1.00 CCACBHHAN 
   65 GLU 0.57479711418060053241 0.98583643440919210832 . 0 0.83 CCACBHN   
   66 VAL 0.66111585133807160286 0.62122249503116810931 T 0 1.00 CCACBHHAN 
   67 VAL 0.71450448100226160442 0.27077212124395194648 T 0 0.83 CCACBHN   
   68 ARG 0.57394458147912252866 0.27077212124395194648 T 0 1.00 CCACBHHAN 
   69 ASP 0.49307987021668364669 0.63538606062197600099 . 0 0.83 CACBHHAN  
   70 PRO 0.36245080722128830697 1.00000000000000000000 . 0 0.80 CCACBHA   
   71 LEU 0.36495924972235049832 1.00000000000000000000 S 0 1.00 CCACBHHAN 
   72 ALA 0.44494310391148106376 1.00000000000000000000 . 0 1.00 CCACBHHAN 
   73 PHE 0.52256843445330147802 1.00000000000000000000 S 0 1.00 CCACBHHAN 
   74 LEU 0.55833444917082841741 1.00000000000000000000 S 0 0.67 CACBHN    
   75 ASP nan                    1.00000000000000000000 S 0 nan  nan       
   76 GLU nan                    0.99592518337498137093 . 0 nan  nan       
   77 PRO nan                    0.54243461478876353610 . 0 nan  nan       
   78 GLU 0.39452990035278773240 0.18876964842511320675 S 0 0.50 CCACB     
   79 ALA 0.49232537114562591185 0.64226021701133095831 S 0 0.83 CCACBHN   
   80 GLY 0.47481228427561100736 0.99952396838547641345 S 0 0.80 CCAHN     
   81 ALA 0.47295545082743528642 0.99904793677095271587 S 0 1.00 CCACBHHAN 
   82 GLY 0.36645014801974445939 0.96779118651020090702 . 0 1.00 CCAHHAN   
   83 ALA 0.44307909485057789256 0.93653443624944920920 S 0 1.00 CCACBHHAN 
   84 ARG 0.42120474717272909926 0.96826721812472460460 S 0 0.83 CACBHHAN  
   85 PRO 0.41033404270703111028 1.00000000000000000000 . 0 0.80 CCACBHA   
   86 ALA 0.34649657439781511581 1.00000000000000000000 . 0 1.00 CCACBHHAN 
   87 ASN 0.31339920953098265866 0.62220435827272224660 . 0 1.00 CCACBHHAN 
   88 ALA 0.24406400833371919012 0.24440871654544446545 . 0 0.83 CACBHHAN  
   89 PRO 0.12428713008587513600 0.24440871654544446545 . 0 0.80 CCACBHA   
   90 GLU 0.02730577374113397557 0.12301732758426268954 S 0 1.00 CCACBHHAN 
   91 VAL 0.00000000000000000000 0.00141368351167560076 E 0 1.00 CCACBHHAN 
   92 LEU 0.00000000000000000000 0.00120142840027028484 E 0 1.00 CCACBHHAN 
   93 LEU 0.00000000000000000000 0.00120142840027028484 E 0 1.00 CCACBHHAN 
   94 VAL 0.00000000000000000000 0.00120142840027028484 E 0 1.00 CCACBHHAN 
   95 GLY 0.05395881658837186484 0.00120142840027028484 E 0 1.00 CCAHHAN   
   96 THR 0.08542862787904223487 0.19176486208112034082 . 0 1.00 CCACBHHAN 
   97 GLY 0.07958086709824761795 0.36036536234861582528 S 0 1.00 CCAHHAN   
   98 ARG 0.03865406935684358170 0.33840242893526123469 S 0 1.00 CCACBHHAN 
   99 ARG 0.01412754258935444707 0.36670472938224579762 S 0 1.00 CCACBHHAN 
  100 GLN 0.03607819396612578500 0.39500702982923036055 . 0 1.00 CCACBHHAN 
  101 HIS 0.06783860565338538373 0.39500702982923036055 . 0 1.00 CCACBHHAN 
  102 LEU 0.12583166921111527126 0.69468352834408153562 . 0 1.00 CCACBHHAN 
  103 LEU 0.12771506328856827017 0.99436002685893265518 . 0 1.00 CCACBHHAN 
  104 GLY 0.10563120370335708775 0.99436002685893265518 . 0 0.80 CAHHAN    
  105 PRO 0.05030971750631473699 0.50639003470902632653 H 0 0.80 CCACBHA   
  106 GLU 0.02018580769748395953 0.01842004255912003605 H 0 1.00 CCACBHHAN 
  107 GLN 0.00000000000000000000 0.02952543107940856781 H 0 1.00 CCACBHHAN 
  108 VAL 0.00000000000000000000 0.51749542322931485483 H 0 1.00 CCACBHHAN 
  109 ARG 0.00000000000000000000 0.60143097244543497482 H 0 0.83 CACBHHAN  
  110 PRO 0.00000000000000000000 0.20850191803193737772 H 0 0.80 CCACBHA   
  111 LEU 0.00000000000000000000 0.20850191803193737772 H 0 1.00 CCACBHHAN 
  112 LEU 0.00000000000000000000 0.20850191803193737772 H 0 1.00 CCACBHHAN 
  113 ALA 0.03192715052910984064 0.20850191803193737772 H 0 1.00 CCACBHHAN 
  114 MET 0.06365842397742553505 0.20850191803193737772 H 0 1.00 CCACBHHAN 
  115 GLY 0.10478571231468405967 0.20850191803193737772 T 0 1.00 CCAHHAN   
  116 VAL 0.08309373647827994480 0.40496158116225605683 . 0 1.00 CCACBHHAN 
  117 GLY 0.06018196158369632648 0.30131133634642248698 E 0 1.00 CCAHHAN   
  118 VAL 0.00968422292895169262 0.00120142840027028484 E 0 1.00 CCACBHHAN 
  119 GLU 0.00000000000000000000 0.00120142840027028484 E 0 1.00 CCACBHHAN 
  120 ALA 0.00000000000000000000 0.00120142840027028484 E 0 1.00 CCACBHHAN 
  121 MET 0.00000000000000000000 0.00120142840027028484 E 0 1.00 CCACBHHAN 
  122 ASP 0.00000000000000000000 0.00120142840027028484 . 0 1.00 CCACBHHAN 
  123 THR 0.00000000000000000000 0.00120142840027028484 H 0 1.00 CCACBHHAN 
  124 GLN 0.00000000000000000000 0.00120142840027028484 H 0 1.00 CCACBHHAN 
  125 ALA 0.00000000000000000000 0.00120142840027028484 H 0 1.00 CCACBHHAN 
  126 ALA 0.00000000000000000000 0.00120142840027028484 H 0 1.00 CCACBHHAN 
  127 ALA 0.00000000000000000000 0.00120142840027028484 H 0 1.00 CCACBHHAN 
  128 ARG 0.00000000000000000000 0.00120142840027028484 H 0 1.00 CCACBHHAN 
  129 THR 0.00000000000000000000 0.00120142840027028484 H 0 1.00 CCACBHHAN 
  130 TYR 0.00000000000000000000 0.00120142840027028484 H 0 1.00 CCACBHHAN 
  131 ASN 0.00000000000000000000 0.00141368351167560076 H 0 1.00 CCACBHHAN 
  132 ILE 0.00000000000000000000 0.00162593862308091667 H 0 1.00 CCACBHHAN 
  133 LEU 0.00000000000000000000 0.00162593862308091667 H 0 1.00 CCACBHHAN 
  134 MET 0.00000000000000000000 0.00162593862308091667 H 0 1.00 CCACBHHAN 
  135 ALA 0.02354841680837057791 0.00162593862308091667 H 0 1.00 CCACBHHAN 
  136 GLU 0.08219949723347855230 0.00162593862308091667 H 0 1.00 CCACBHHAN 
  137 GLY 0.12282489334617673060 0.00162593862308091667 T 0 1.00 CCAHHAN   
  138 ARG 0.08128337559223645925 0.00162593862308091667 . 0 1.00 CCACBHHAN 
  139 ARG 0.02433471985112631297 0.00162593862308091667 . 0 1.00 CCACBHHAN 
  140 VAL 0.00000000000000000000 0.00141368351167560076 E 0 1.00 CCACBHHAN 
  141 VAL 0.00000000000000000000 0.00120142840027028484 E 0 1.00 CCACBHHAN 
  142 VAL 0.00000000000000000000 0.00120142840027028484 E 0 1.00 CCACBHHAN 
  143 ALA 0.00000000000000000000 0.00120142840027028484 E 0 1.00 CCACBHHAN 
  144 LEU 0.00000000000000000000 0.00747549822121910002 E 0 0.83 CACBHHAN  
  145 LEU 0.10254533046791537709 0.30758540616737128914 . 0 0.50 CACBHA    
  146 PRO 0.30319293830247429078 0.60142124429257470819 . 0 0.80 CCACBHA   
  147 ASP 0.50986735589708587213 0.60142124429257470819 T 0 1.00 CCACBHHAN 
  148 GLY 0.68209958374867973863 0.60142124429257470819 T 0 1.00 CCAHHAN   
  149 ASP 0.75085148433612192154 0.60142124429257470819 . 0 1.00 CCACBHHAN 
  150 SER 0.76002719925509265586 0.80071062214628740961 . 0 1.00 CCACBHHAN 
  151 LEU 0.73918468919181834487 1.00000000000000000000 S 0 0.67 CACBHN    
  152 GLU nan                    1.00000000000000000000 . 0 nan  nan       
  153 HIS nan                    1.00000000000000000000 . 0 nan  nan       
  154 HIS nan                    1.00000000000000000000 T 0 nan  nan       
  155 HIS nan                    1.00000000000000000000 T 0 nan  nan       
  156 HIS nan                    1.00000000000000000000 S 0 nan  nan       
  157 HIS nan                    1.00000000000000000000 . 0 nan  nan       
  158 HIS nan                    0.80071062214628740961 . 0 nan  nan       
