    4 HIS 0.68698663191518616333 1.00000000000000000000 S 0 0.50 CCACB     
    5 THR 0.67403441260145702252 1.00000000000000000000 S 0 0.83 CCACBHN   
    6 ASP 0.66137948316328598608 1.00000000000000000000 . 0 0.83 CACBHHAN  
    7 PRO 0.61771772249992973336 1.00000000000000000000 . 0 0.80 CCACBHA   
    8 ALA 0.57248590205654814600 1.00000000000000000000 . 0 1.00 CCACBHHAN 
    9 THR 0.42871841105802910299 1.00000000000000000000 . 0 1.00 CCACBHHAN 
   10 ALA 0.27965120621978484250 1.00000000000000000000 S 0 1.00 CCACBHHAN 
   11 LEU 0.13007700496481916508 1.00000000000000000000 S 0 1.00 CCACBHHAN 
   12 ASN 0.07957758538072107202 0.96969415848302120686 . 0 1.00 CCACBHHAN 
   13 THR 0.04601193649076754100 0.93938831696604230270 . 0 1.00 CCACBHHAN 
   14 VAL 0.03492950929398760951 0.93938831696604230270 . 0 1.00 CCACBHHAN 
   15 THR 0.03343771933068826613 0.81007041923439948583 S 0 1.00 CCACBHHAN 
   16 ALA 0.03238498557226842517 0.68075252150275677998 B 0 1.00 CCACBHHAN 
   17 TYR 0.04571569641325872596 0.80929299108720653688 . 0 1.00 CCACBHHAN 
   18 GLY 0.08770159228387014450 0.93783346067165629378 . 0 1.00 CCAHHAN   
   19 ASP 0.09426340156476885335 0.93783346067165629378 S 0 1.00 CCACBHHAN 
   20 GLY 0.07389152108648465445 0.93783346067165629378 S 0 1.00 CCAHHAN   
   21 TYR 0.00742459171102161693 0.93783346067165629378 . 0 1.00 CCACBHHAN 
   22 ILE 0.00000000000000000000 0.80929299108720653688 E 0 1.00 CCACBHHAN 
   23 GLU 0.00000000000000000000 0.68075252150275677998 E 0 1.00 CCACBHHAN 
   24 VAL 0.00000000000000000000 0.68075252150275677998 E 0 1.00 CCACBHHAN 
   25 ASN 0.00000000000000000000 0.60022546614246985452 T 0 1.00 CCACBHHAN 
   26 GLN 0.04274511540115915470 0.51969841078218292907 T 0 0.83 CCACBHHA  
   27 VAL 0.12372875669306586388 0.60022546614246985452 E 0 1.00 CCACBHHAN 
   28 ARG 0.14478106410696281459 0.68075252150275677998 E 0 1.00 CCACBHHAN 
   29 PHE 0.11629870108976246568 0.68075252150275677998 E 0 1.00 CCACBHHAN 
   30 SER 0.03184770089939870097 0.68075252150275677998 S 0 1.00 CCACBHHAN 
   31 HIS 0.00000000000000000000 0.50772858195190762043 S 0 1.00 CCACBHHAN 
   32 ALA 0.00000000000000000000 0.19006545478220698842 . 0 1.00 CCACBHHAN 
   33 ILE 0.00000000000000000000 0.04542626716335546738 E 0 1.00 CCACBHHAN 
   34 ALA 0.00000000000000000000 0.02437503023726781889 E 0 1.00 CCACBHHAN 
   35 PHE 0.00000000000000000000 0.00332379331118017214 E 0 1.00 CCACBHHAN 
   36 ALA 0.00000000000000000000 0.00332379331118017214 . 0 0.83 CACBHHAN  
   37 PRO 0.00000000000000000000 0.47066582518370975174 S 0 0.80 CCACBHA   
   38 GLU 0.00109611731876505252 0.93800785705623934696 S 0 1.00 CCACBHHAN 
   39 GLY 0.09059301817664922041 0.93800785705623934696 S 0 0.80 CAHHAN    
   40 PRO 0.13372782022616286346 0.93800785705623934696 . 0 0.80 CCACBHA   
   41 VAL 0.17251225092903066383 0.93800785705623934696 . 0 1.00 CCACBHHAN 
   42 ALA 0.08427347592441847279 0.49171706210979743146 E 0 1.00 CCACBHHAN 
   43 SER 0.04057919966519919069 0.04542626716335546738 E 0 0.83 CACBHHAN  
   44 TRP 0.00000000000000000000 0.02271315637662101386 . 0 0.50 CACBHA    
   45 PRO 0.01246480073836358365 0.00000004558988656373 . 0 0.80 CCACBHA   
   46 VAL 0.03385561198406479566 0.00000004558988656373 . 0 1.00 CCACBHHAN 
   47 GLN 0.04506559172499060434 0.00609731523547076514 . 0 1.00 CCACBHHAN 
   48 ARG 0.04727907865577575530 0.01219458488105496646 S 0 0.83 CACBHHAN  
   49 PRO 0.04364039691924866127 0.01089344465959253029 T 0 0.80 CCACBHA   
   50 ALA 0.04360847237667499904 0.00959230443813009412 T 0 1.00 CCACBHHAN 
   51 ASP 0.01924190860700132621 0.01089344465959253029 S 0 1.00 CCACBHHAN 
   52 ILE 0.00000000000000000000 0.18150153193884077663 . 0 1.00 CCACBHHAN 
   53 THR 0.00000000000000000000 0.29948193339995865525 . 0 1.00 CCACBHHAN 
   54 ALA 0.00000000000000000000 0.13986989727001919448 H 0 1.00 CCACBHHAN 
   55 SER 0.00000000000000000000 0.03158440673674769994 H 0 1.00 CCACBHHAN 
   56 LEU 0.00000000000000000000 0.03158440673674769994 H 0 1.00 CCACBHHAN 
   57 LEU 0.00000000000000000000 0.03158440673674769994 H 0 1.00 CCACBHHAN 
   58 GLN 0.00000000000000000000 0.03158440673674769994 H 0 1.00 CCACBHHAN 
   59 GLN 0.00000000000000000000 0.03158440673674769994 H 0 1.00 CCACBHHAN 
   60 ALA 0.00056926666050243044 0.03677066979515059009 H 0 1.00 CCACBHHAN 
   61 ALA 0.03234182402993360239 0.07549743942423230159 T 0 1.00 CCACBHHAN 
   62 GLY 0.10086253954649988807 0.10903794599491112294 T 0 1.00 CCAHHAN   
   63 LEU 0.19655671989959419554 0.45880802552804772487 . 0 1.00 CCACBHHAN 
   64 ALA 0.35249800298048272751 0.80857810506118432681 . 0 1.00 CCACBHHAN 
   65 GLU 0.57479711418060053241 0.90428905253059221891 S 0 0.83 CCACBHN   
   66 VAL 0.66111585133807160286 0.99734392082243661370 S 0 1.00 CCACBHHAN 
   67 VAL 0.71450448100226160442 0.99468784164487322741 . 0 0.83 CCACBHN   
   68 ARG 0.57394458147912252866 0.99733927574024849871 . 0 1.00 CCACBHHAN 
   69 ASP 0.49307987021668364669 0.99999535491781188501 . 0 0.83 CACBHHAN  
   70 PRO 0.36245080722128830697 0.56977955345917263852 S 0 0.80 CCACBHA   
   71 LEU 0.36495924972235049832 0.56977955345917263852 S 0 1.00 CCACBHHAN 
   72 ALA 0.44494310391148106376 1.00000000000000000000 S 0 1.00 CCACBHHAN 
   73 PHE 0.52256843445330147802 1.00000000000000000000 . 0 1.00 CCACBHHAN 
   74 LEU 0.55833444917082841741 1.00000000000000000000 . 0 0.67 CACBHN    
   75 ASP nan                    0.84349741568552638604 S 0 nan  nan       
   76 GLU nan                    0.68699483137105288311 S 0 nan  nan       
   77 PRO nan                    0.84349741568552638604 S 0 nan  nan       
   78 GLU 0.39452990035278773240 1.00000000000000000000 . 0 0.50 CCACB     
   79 ALA 0.49232537114562591185 1.00000000000000000000 . 0 0.83 CCACBHN   
   80 GLY 0.47481228427561100736 1.00000000000000000000 . 0 0.80 CCAHN     
   81 ALA 0.47295545082743528642 1.00000000000000000000 S 0 1.00 CCACBHHAN 
   82 GLY 0.36645014801974445939 1.00000000000000000000 . 0 1.00 CCAHHAN   
   83 ALA 0.44307909485057789256 1.00000000000000000000 . 0 1.00 CCACBHHAN 
   84 ARG 0.42120474717272909926 0.96478950845897504252 . 0 0.83 CACBHHAN  
   85 PRO 0.41033404270703111028 0.92957901691795008503 . 0 0.80 CCACBHA   
   86 ALA 0.34649657439781511581 0.68571535653792337062 T 0 1.00 CCACBHHAN 
   87 ASN 0.31339920953098265866 0.44185169615789660069 T 0 1.00 CCACBHHAN 
   88 ALA 0.24406400833371919012 0.68571535653792337062 . 0 0.83 CACBHHAN  
   89 PRO 0.12428713008587513600 0.46645140511456512078 . 0 0.80 CCACBHA   
   90 GLU 0.02730577374113397557 0.00332379331118017214 S 0 1.00 CCACBHHAN 
   91 VAL 0.00000000000000000000 0.00332379331118017214 E 0 1.00 CCACBHHAN 
   92 LEU 0.00000000000000000000 0.00332379331118017214 E 0 1.00 CCACBHHAN 
   93 LEU 0.00000000000000000000 0.00332379331118017214 E 0 1.00 CCACBHHAN 
   94 VAL 0.00000000000000000000 0.00332379331118017214 E 0 1.00 CCACBHHAN 
   95 GLY 0.05395881658837186484 0.01275397887240821426 E 0 1.00 CCAHHAN   
   96 THR 0.08542862787904223487 0.07112536821824640143 . 0 1.00 CCACBHHAN 
   97 GLY 0.07958086709824761795 0.28898100354428646330 . 0 1.00 CCAHHAN   
   98 ARG 0.03865406935684358170 0.69786444787868628925 S 0 1.00 CCACBHHAN 
   99 ARG 0.01412754258935444707 0.95444119470045729603 S 0 1.00 CCACBHHAN 
  100 GLN 0.03607819396612578500 0.97104892872925829828 . 0 1.00 CCACBHHAN 
  101 HIS 0.06783860565338538373 0.97104892872925829828 . 0 1.00 CCACBHHAN 
  102 LEU 0.12583166921111527126 0.97104892872925829828 . 0 1.00 CCACBHHAN 
  103 LEU 0.12771506328856827017 0.97104892872925829828 . 0 1.00 CCACBHHAN 
  104 GLY 0.10563120370335708775 0.97104892872925829828 . 0 0.80 CAHHAN    
  105 PRO 0.05030971750631473699 0.49384619865242612713 T 0 0.80 CCACBHA   
  106 GLU 0.02018580769748395953 0.01664346857559393864 T 0 1.00 CCACBHHAN 
  107 GLN 0.00000000000000000000 0.01664346857559393864 T 0 1.00 CCACBHHAN 
  108 VAL 0.00000000000000000000 0.02468459012963118704 S 0 1.00 CCACBHHAN 
  109 ARG 0.00000000000000000000 0.03272571168366843197 H 0 0.83 CACBHHAN  
  110 PRO 0.00000000000000000000 0.03272571168366843197 H 0 0.80 CCACBHA   
  111 LEU 0.00000000000000000000 0.03272571168366843197 H 0 1.00 CCACBHHAN 
  112 LEU 0.00000000000000000000 0.03272571168366843197 H 0 1.00 CCACBHHAN 
  113 ALA 0.03192715052910984064 0.03272571168366843197 H 0 1.00 CCACBHHAN 
  114 MET 0.06365842397742553505 0.03272571168366843197 H 0 1.00 CCACBHHAN 
  115 GLY 0.10478571231468405967 0.03272571168366843197 T 0 1.00 CCAHHAN   
  116 VAL 0.08309373647827994480 0.03272571168366843197 . 0 1.00 CCACBHHAN 
  117 GLY 0.06018196158369632648 0.01802475249742430119 E 0 1.00 CCAHHAN   
  118 VAL 0.00968422292895169262 0.00332379331118017214 E 0 1.00 CCACBHHAN 
  119 GLU 0.00000000000000000000 0.00332379331118017214 E 0 1.00 CCACBHHAN 
  120 ALA 0.00000000000000000000 0.00332379331118017214 E 0 1.00 CCACBHHAN 
  121 MET 0.00000000000000000000 0.01275397887240821426 E 0 1.00 CCACBHHAN 
  122 ASP 0.00000000000000000000 0.02218416443363625465 . 0 1.00 CCACBHHAN 
  123 THR 0.00000000000000000000 0.02218416443363625465 H 0 1.00 CCACBHHAN 
  124 GLN 0.00000000000000000000 0.02218416443363625465 H 0 1.00 CCACBHHAN 
  125 ALA 0.00000000000000000000 0.02218416443363625465 H 0 1.00 CCACBHHAN 
  126 ALA 0.00000000000000000000 0.02218416443363625465 H 0 1.00 CCACBHHAN 
  127 ALA 0.00000000000000000000 0.02218416443363625465 H 0 1.00 CCACBHHAN 
  128 ARG 0.00000000000000000000 0.02218416443363625465 H 0 1.00 CCACBHHAN 
  129 THR 0.00000000000000000000 0.02218416443363625465 H 0 1.00 CCACBHHAN 
  130 TYR 0.00000000000000000000 0.01275397887240821426 H 0 1.00 CCACBHHAN 
  131 ASN 0.00000000000000000000 0.00332379331118017214 H 0 1.00 CCACBHHAN 
  132 ILE 0.00000000000000000000 0.00332379331118017214 H 0 1.00 CCACBHHAN 
  133 LEU 0.00000000000000000000 0.00332379331118017214 H 0 1.00 CCACBHHAN 
  134 MET 0.00000000000000000000 0.00332379331118017214 H 0 1.00 CCACBHHAN 
  135 ALA 0.02354841680837057791 0.00332379331118017214 H 0 1.00 CCACBHHAN 
  136 GLU 0.08219949723347855230 0.00332379331118017214 H 0 1.00 CCACBHHAN 
  137 GLY 0.12282489334617673060 0.00332379331118017214 T 0 1.00 CCAHHAN   
  138 ARG 0.08128337559223645925 0.00332379331118017214 . 0 1.00 CCACBHHAN 
  139 ARG 0.02433471985112631297 0.00332379331118017214 . 0 1.00 CCACBHHAN 
  140 VAL 0.00000000000000000000 0.00332379331118017214 E 0 1.00 CCACBHHAN 
  141 VAL 0.00000000000000000000 0.00332379331118017214 E 0 1.00 CCACBHHAN 
  142 VAL 0.00000000000000000000 0.00332379331118017214 E 0 1.00 CCACBHHAN 
  143 ALA 0.00000000000000000000 0.00332379331118017214 E 0 1.00 CCACBHHAN 
  144 LEU 0.00000000000000000000 0.02437503023726781889 E 0 0.83 CACBHHAN  
  145 LEU 0.10254533046791537709 0.19006545478220698842 . 0 0.50 CACBHA    
  146 PRO 0.30319293830247429078 0.63626905153635737733 . 0 0.80 CCACBHA   
  147 ASP 0.50986735589708587213 0.93783346067165629378 S 0 1.00 CCACBHHAN 
  148 GLY 0.68209958374867973863 0.93783346067165629378 . 0 1.00 CCAHHAN   
  149 ASP 0.75085148433612192154 0.93783346067165629378 S 0 1.00 CCACBHHAN 
  150 SER 0.76002719925509265586 0.96160165272982067730 . 0 1.00 CCACBHHAN 
  151 LEU 0.73918468919181834487 0.98536984478798506082 S 0 0.67 CACBHN    
  152 GLU nan                    0.98536984478798506082 S 0 nan  nan       
  153 HIS nan                    0.98536984478798506082 . 0 nan  nan       
  154 HIS nan                    0.98991368212114483338 . 0 nan  nan       
  155 HIS nan                    0.99722875972715230297 . 0 nan  nan       
  156 HIS nan                    1.00000000000000000000 S 0 nan  nan       
  157 HIS nan                    1.00000000000000000000 . 0 nan  nan       
  158 HIS nan                    1.00000000000000000000 . 0 nan  nan       
